Using pre-set license
Built from '2021.3/staging' branch; Version is '2021.3.19f1 (c9714fde33b6) revision 13201743'; Using compiler version '192829333'; Build Type 'Release'
OS: 'Windows 11  (10.0.22621) 64bit CoreSingleLanguage' Language: 'tr' Physical Memory: 16125 MB
BatchMode: 1, IsHumanControllingUs: 0, StartBugReporterOnCrash: 0, Is64bit: 1, IsPro: 1

COMMAND LINE ARGUMENTS:
C:\Program Files\Unity\Hub\Editor\2021.3.19f1\Editor\Unity.exe
-adb2
-batchMode
-noUpm
-name
AssetImportWorker5
-projectPath
C:/Users/ayseg/OneDrive/Masaüstü/Fınal project/direct/My project
-logFile
Logs/AssetImportWorker5.log
-srvPort
64815
Successfully changed project path to: C:/Users/ayseg/OneDrive/Masaüstü/Fınal project/direct/My project
C:/Users/ayseg/OneDrive/Masaüstü/Fınal project/direct/My project
[UnityMemory] Configuration Parameters - Can be set up in boot.config
    "memorysetup-bucket-allocator-granularity=16"
    "memorysetup-bucket-allocator-bucket-count=8"
    "memorysetup-bucket-allocator-block-size=33554432"
    "memorysetup-bucket-allocator-block-count=8"
    "memorysetup-main-allocator-block-size=16777216"
    "memorysetup-thread-allocator-block-size=16777216"
    "memorysetup-gfx-main-allocator-block-size=16777216"
    "memorysetup-gfx-thread-allocator-block-size=16777216"
    "memorysetup-cache-allocator-block-size=4194304"
    "memorysetup-typetree-allocator-block-size=2097152"
    "memorysetup-profiler-bucket-allocator-granularity=16"
    "memorysetup-profiler-bucket-allocator-bucket-count=8"
    "memorysetup-profiler-bucket-allocator-block-size=33554432"
    "memorysetup-profiler-bucket-allocator-block-count=8"
    "memorysetup-profiler-allocator-block-size=16777216"
    "memorysetup-profiler-editor-allocator-block-size=1048576"
    "memorysetup-temp-allocator-size-main=16777216"
    "memorysetup-job-temp-allocator-block-size=2097152"
    "memorysetup-job-temp-allocator-block-size-background=1048576"
    "memorysetup-job-temp-allocator-reduction-small-platforms=262144"
    "memorysetup-temp-allocator-size-background-worker=32768"
    "memorysetup-temp-allocator-size-job-worker=262144"
    "memorysetup-temp-allocator-size-preload-manager=33554432"
    "memorysetup-temp-allocator-size-nav-mesh-worker=65536"
    "memorysetup-temp-allocator-size-audio-worker=65536"
    "memorysetup-temp-allocator-size-cloud-worker=32768"
    "memorysetup-temp-allocator-size-gi-baking-worker=262144"
    "memorysetup-temp-allocator-size-gfx=262144"
Player connection [25596] Host "[IP] 192.168.10.1 [Port] 0 [Flags] 2 [Guid] 3201950812 [EditorId] 3201950812 [Version] 1048832 [Id] WindowsEditor(7,aysegul) [Debug] 1 [PackageName] WindowsEditor [ProjectName] Editor" joined multi-casting on [225.0.0.222:54997]...

Player connection [25596] Host "[IP] 192.168.10.1 [Port] 0 [Flags] 2 [Guid] 3201950812 [EditorId] 3201950812 [Version] 1048832 [Id] WindowsEditor(7,aysegul) [Debug] 1 [PackageName] WindowsEditor [ProjectName] Editor" joined alternative multi-casting on [225.0.0.222:34997]...

Refreshing native plugins compatible for Editor in 136.19 ms, found 4 plugins.
Preloading 0 native plugins for Editor in 0.00 ms.
Initialize engine version: 2021.3.19f1 (c9714fde33b6)
[Subsystems] Discovering subsystems at path C:/Program Files/Unity/Hub/Editor/2021.3.19f1/Editor/Data/Resources/UnitySubsystems
[Subsystems] Discovering subsystems at path C:/Users/ayseg/OneDrive/Masaüstü/Fınal project/direct/My project/Assets
GfxDevice: creating device client; threaded=0; jobified=0
Direct3D:
    Version:  Direct3D 11.0 [level 11.1]
    Renderer: NVIDIA GeForce RTX 3060 Laptop GPU (ID=0x2520)
    Vendor:   NVIDIA
    VRAM:     6009 MB
    Driver:   31.0.15.3141
Initialize mono
Mono path[0] = 'C:/Program Files/Unity/Hub/Editor/2021.3.19f1/Editor/Data/Managed'
Mono path[1] = 'C:/Program Files/Unity/Hub/Editor/2021.3.19f1/Editor/Data/MonoBleedingEdge/lib/mono/unityjit-win32'
Mono config path = 'C:/Program Files/Unity/Hub/Editor/2021.3.19f1/Editor/Data/MonoBleedingEdge/etc'
Using monoOptions --debugger-agent=transport=dt_socket,embedding=1,server=y,suspend=n,address=127.0.0.1:56724
Begin MonoManager ReloadAssembly
Registering precompiled unity dll's ...
Register platform support module: C:/Program Files/Unity/Hub/Editor/2021.3.19f1/Editor/Data/PlaybackEngines/WebGLSupport/UnityEditor.WebGL.Extensions.dll
Register platform support module: C:/Program Files/Unity/Hub/Editor/2021.3.19f1/Editor/Data/PlaybackEngines/WindowsStandaloneSupport/UnityEditor.WindowsStandalone.Extensions.dll
Registered in 0.003592 seconds.
Native extension for WindowsStandalone target not found
Native extension for WebGL target not found
Refreshing native plugins compatible for Editor in 82.96 ms, found 4 plugins.
Preloading 0 native plugins for Editor in 0.00 ms.
Mono: successfully reloaded assembly
- Completed reload, in  0.499 seconds
Domain Reload Profiling:
	ReloadAssembly (500ms)
		BeginReloadAssembly (70ms)
			ExecutionOrderSort (0ms)
			DisableScriptedObjects (0ms)
			BackupInstance (0ms)
			ReleaseScriptingObjects (0ms)
			CreateAndSetChildDomain (1ms)
		EndReloadAssembly (348ms)
			LoadAssemblies (68ms)
			RebuildTransferFunctionScriptingTraits (0ms)
			SetupTypeCache (74ms)
			ReleaseScriptCaches (0ms)
			RebuildScriptCaches (22ms)
			SetupLoadedEditorAssemblies (216ms)
				LogAssemblyErrors (0ms)
				InitializePlatformSupportModulesInManaged (7ms)
				SetLoadedEditorAssemblies (0ms)
				RefreshPlugins (83ms)
				BeforeProcessingInitializeOnLoad (1ms)
				ProcessInitializeOnLoadAttributes (92ms)
				ProcessInitializeOnLoadMethodAttributes (33ms)
				AfterProcessingInitializeOnLoad (0ms)
				EditorAssembliesLoaded (0ms)
			ExecutionOrderSort2 (0ms)
			AwakeInstancesAfterBackupRestoration (0ms)
Platform modules already initialized, skipping
Registering precompiled user dll's ...
Registered in 0.006282 seconds.
Begin MonoManager ReloadAssembly
Symbol file LoadedFromMemory doesn't match image C:\Users\ayseg\OneDrive\Masaüstü\Fınal project\direct\My project\Library\PackageCache\com.unity.visualscripting@1.8.0\Editor\VisualScripting.Core\Dependencies\YamlDotNet\Unity.VisualScripting.YamlDotNet.dll
Symbol file LoadedFromMemory doesn't match image C:\Users\ayseg\OneDrive\Masaüstü\Fınal project\direct\My project\Library\PackageCache\com.unity.visualscripting@1.8.0\Editor\VisualScripting.Core\Dependencies\DotNetZip\Unity.VisualScripting.IonicZip.dll
Native extension for WindowsStandalone target not found
Native extension for WebGL target not found
Refreshing native plugins compatible for Editor in 81.70 ms, found 4 plugins.
Preloading 0 native plugins for Editor in 0.00 ms.
Mono: successfully reloaded assembly
- Completed reload, in  0.928 seconds
Domain Reload Profiling:
	ReloadAssembly (928ms)
		BeginReloadAssembly (83ms)
			ExecutionOrderSort (0ms)
			DisableScriptedObjects (4ms)
			BackupInstance (0ms)
			ReleaseScriptingObjects (0ms)
			CreateAndSetChildDomain (16ms)
		EndReloadAssembly (759ms)
			LoadAssemblies (64ms)
			RebuildTransferFunctionScriptingTraits (0ms)
			SetupTypeCache (185ms)
			ReleaseScriptCaches (1ms)
			RebuildScriptCaches (58ms)
			SetupLoadedEditorAssemblies (406ms)
				LogAssemblyErrors (0ms)
				InitializePlatformSupportModulesInManaged (4ms)
				SetLoadedEditorAssemblies (0ms)
				RefreshPlugins (82ms)
				BeforeProcessingInitializeOnLoad (71ms)
				ProcessInitializeOnLoadAttributes (219ms)
				ProcessInitializeOnLoadMethodAttributes (26ms)
				AfterProcessingInitializeOnLoad (4ms)
				EditorAssembliesLoaded (0ms)
			ExecutionOrderSort2 (0ms)
			AwakeInstancesAfterBackupRestoration (4ms)
Platform modules already initialized, skipping
========================================================================
Worker process is ready to serve import requests
Launched and connected shader compiler UnityShaderCompiler.exe after 0.04 seconds
Refreshing native plugins compatible for Editor in 0.84 ms, found 4 plugins.
Preloading 0 native plugins for Editor in 0.00 ms.
Unloading 4109 Unused Serialized files (Serialized files now loaded: 0)
Unloading 44 unused Assets / (229.4 KB). Loaded Objects now: 4566.
Memory consumption went from 159.3 MB to 159.0 MB.
Total: 3.244700 ms (FindLiveObjects: 0.323600 ms CreateObjectMapping: 0.134300 ms MarkObjects: 2.578900 ms  DeleteObjects: 0.206000 ms)

AssetImportParameters requested are different than current active one (requested -> active):
  custom:video-decoder-ogg-theora: a1e56fd34408186e4bbccfd4996cb3dc -> 
  custom:container-muxer-webm: aa71ff27fc2769a1b78a27578f13a17b -> 
  custom:container-demuxer-webm: 4f35f7cbe854078d1ac9338744f61a02 -> 
  custom:video-encoder-webm-vp8: eb34c28f22e8b96e1ab97ce403110664 -> 
  custom:video-codec-MediaFoundation-h265: 746d11721c4dcdbdad8f713fa42b33f4 -> 
  custom:audio-encoder-webm-vorbis: bf7c407c2cedff20999df2af8eb42d56 -> 
  custom:framework-win-MediaFoundation: 216162199b28c13a410421893ffa2e32 -> 
  custom:container-demuxer-ogg: 62fdf1f143b41e24485cea50d1cbac27 -> 
  custom:video-decoder-webm-vp8: 9c59270c3fd7afecdb556c50c9e8de78 -> 
  custom:audio-decoder-ogg-vorbis: bf7c407c2cedff20999df2af8eb42d56 -> 
========================================================================
Received Import Request.
  Time since last request: 396637.103020 seconds.
  path: Assets/characters/kenney_space-shooter-redux/PNG/Parts/wingYellow_2.png
  artifactKey: Guid(6dc6a29b2d8b60948a3988264b238301) Importer(815301076,1909f56bfc062723c751e8b465ee728b)
Start importing Assets/characters/kenney_space-shooter-redux/PNG/Parts/wingYellow_2.png using Guid(6dc6a29b2d8b60948a3988264b238301) Importer(815301076,1909f56bfc062723c751e8b465ee728b)  -> (artifact id: '530a2e49125fc72d7aa98cc64f4dc911') in 0.105963 seconds 
========================================================================
Received Import Request.
  Time since last request: 3.484021 seconds.
  path: Assets/characters/kenney_space-shooter-redux/PNG/Power-ups/pill_blue.png
  artifactKey: Guid(a3e8d04096f8afd4f92a768343637b05) Importer(815301076,1909f56bfc062723c751e8b465ee728b)
Start importing Assets/characters/kenney_space-shooter-redux/PNG/Power-ups/pill_blue.png using Guid(a3e8d04096f8afd4f92a768343637b05) Importer(815301076,1909f56bfc062723c751e8b465ee728b)  -> (artifact id: 'fe0e1bf87d1c1c6ff8e2aa18929254be') in 0.021046 seconds 
========================================================================
Received Import Request.
  Time since last request: 0.000030 seconds.
  path: Assets/characters/kenney_space-shooter-redux/PNG/Power-ups/powerupRed_star.png
  artifactKey: Guid(d76ac4c9c2aeb9f43b5b05b5e9b1c496) Importer(815301076,1909f56bfc062723c751e8b465ee728b)
Start importing Assets/characters/kenney_space-shooter-redux/PNG/Power-ups/powerupRed_star.png using Guid(d76ac4c9c2aeb9f43b5b05b5e9b1c496) Importer(815301076,1909f56bfc062723c751e8b465ee728b)  -> (artifact id: 'b5fd35ebe7496190495f205450c32669') in 0.024054 seconds 
========================================================================
Received Import Request.
  Time since last request: 0.000039 seconds.
  path: Assets/characters/kenney_space-shooter-redux/PNG/Power-ups/powerupRed_bolt.png
  artifactKey: Guid(bf661a7dedc95114f8af11d1e6dea94b) Importer(815301076,1909f56bfc062723c751e8b465ee728b)
Start importing Assets/characters/kenney_space-shooter-redux/PNG/Power-ups/powerupRed_bolt.png using Guid(bf661a7dedc95114f8af11d1e6dea94b) Importer(815301076,1909f56bfc062723c751e8b465ee728b)  -> (artifact id: '63db537bf9fe30c9c983503045c54bc5') in 0.027590 seconds 
========================================================================
Received Import Request.
  Time since last request: 0.000016 seconds.
  path: Assets/characters/kenney_space-shooter-redux/PNG/Power-ups/pill_red.png
  artifactKey: Guid(4413c19b2389f0e4189dc0552e9a9eac) Importer(815301076,1909f56bfc062723c751e8b465ee728b)
Start importing Assets/characters/kenney_space-shooter-redux/PNG/Power-ups/pill_red.png using Guid(4413c19b2389f0e4189dc0552e9a9eac) Importer(815301076,1909f56bfc062723c751e8b465ee728b)  -> (artifact id: '44ed97ccd28e1ab26ecf4ed3027a1f7f') in 0.022452 seconds 
========================================================================
Received Import Request.
  Time since last request: 0.000019 seconds.
  path: Assets/characters/kenney_space-shooter-redux/PNG/Power-ups/things_bronze.png
  artifactKey: Guid(f6e21fb455effbc4b83e0bae3c24c5d1) Importer(815301076,1909f56bfc062723c751e8b465ee728b)
Start importing Assets/characters/kenney_space-shooter-redux/PNG/Power-ups/things_bronze.png using Guid(f6e21fb455effbc4b83e0bae3c24c5d1) Importer(815301076,1909f56bfc062723c751e8b465ee728b)  -> (artifact id: '01039e981971a39d9e8a04f7dc23a6a2') in 0.027306 seconds 
========================================================================
Received Import Request.
  Time since last request: 0.000025 seconds.
  path: Assets/characters/kenney_space-shooter-redux/PNG/Power-ups/powerupBlue_star.png
  artifactKey: Guid(68786cb07bd36b24fab2fdc2af3d8ee5) Importer(815301076,1909f56bfc062723c751e8b465ee728b)
Start importing Assets/characters/kenney_space-shooter-redux/PNG/Power-ups/powerupBlue_star.png using Guid(68786cb07bd36b24fab2fdc2af3d8ee5) Importer(815301076,1909f56bfc062723c751e8b465ee728b)  -> (artifact id: '9c373ebb8c082544737c37b546eb3732') in 0.017708 seconds 
========================================================================
Received Import Request.
  Time since last request: 0.000028 seconds.
  path: Assets/characters/kenney_space-shooter-redux/PNG/Power-ups/powerupYellow_shield.png
  artifactKey: Guid(3d3f377a024e5a9428a57ae672d2c7d6) Importer(815301076,1909f56bfc062723c751e8b465ee728b)
Start importing Assets/characters/kenney_space-shooter-redux/PNG/Power-ups/powerupYellow_shield.png using Guid(3d3f377a024e5a9428a57ae672d2c7d6) Importer(815301076,1909f56bfc062723c751e8b465ee728b)  -> (artifact id: 'd499754cf8ad18119bbfe04d364ac553') in 0.026637 seconds 
========================================================================
Received Import Request.
  Time since last request: 0.000026 seconds.
  path: Assets/characters/kenney_space-shooter-redux/PNG/Power-ups/things_silver.png
  artifactKey: Guid(da74a2261eb35e94da11ed9cba557fda) Importer(815301076,1909f56bfc062723c751e8b465ee728b)
Start importing Assets/characters/kenney_space-shooter-redux/PNG/Power-ups/things_silver.png using Guid(da74a2261eb35e94da11ed9cba557fda) Importer(815301076,1909f56bfc062723c751e8b465ee728b)  -> (artifact id: '73699ff6859fa3fbbbf4600067511e61') in 0.023436 seconds 
========================================================================
Received Import Request.
  Time since last request: 30.338758 seconds.
  path: Assets/effects/Pixel Art/Bolt/bolt4.png
  artifactKey: Guid(18e43425d25ba4059b0c5ed560a3622d) Importer(815301076,1909f56bfc062723c751e8b465ee728b)
Start importing Assets/effects/Pixel Art/Bolt/bolt4.png using Guid(18e43425d25ba4059b0c5ed560a3622d) Importer(815301076,1909f56bfc062723c751e8b465ee728b)  -> (artifact id: '0e342726d13a81c6cbbaa0ce7c71bf8c') in 0.021239 seconds 
========================================================================
Received Import Request.
  Time since last request: 2.679273 seconds.
  path: Assets/effects/Pixel Art/Hits/Hit-3/hits-3-4.png
  artifactKey: Guid(3d27a716099be466d8ad3ae42278f222) Importer(815301076,1909f56bfc062723c751e8b465ee728b)
Start importing Assets/effects/Pixel Art/Hits/Hit-3/hits-3-4.png using Guid(3d27a716099be466d8ad3ae42278f222) Importer(815301076,1909f56bfc062723c751e8b465ee728b)  -> (artifact id: 'c7ed39a24097c0120d3c339040a10b0e') in 0.019159 seconds 
Editor requested this worker to shutdown with reason: Scaling down because of idle timeout
AssetImportWorker is now disconnected from the server
Process exiting
Exiting without the bug reporter. Application will terminate with return code 0