Using pre-set license
Built from '2021.3/staging' branch; Version is '2021.3.19f1 (c9714fde33b6) revision 13201743'; Using compiler version '192829333'; Build Type 'Release'
OS: 'Windows 11  (10.0.22621) 64bit CoreSingleLanguage' Language: 'tr' Physical Memory: 16125 MB
BatchMode: 1, IsHumanControllingUs: 0, StartBugReporterOnCrash: 0, Is64bit: 1, IsPro: 1

COMMAND LINE ARGUMENTS:
C:\Program Files\Unity\Hub\Editor\2021.3.19f1\Editor\Unity.exe
-adb2
-batchMode
-noUpm
-name
AssetImportWorker7
-projectPath
C:/Users/ayseg/OneDrive/Masaüstü/Fınal project/direct/My project
-logFile
Logs/AssetImportWorker7.log
-srvPort
64815
Successfully changed project path to: C:/Users/ayseg/OneDrive/Masaüstü/Fınal project/direct/My project
C:/Users/ayseg/OneDrive/Masaüstü/Fınal project/direct/My project
[UnityMemory] Configuration Parameters - Can be set up in boot.config
    "memorysetup-bucket-allocator-granularity=16"
    "memorysetup-bucket-allocator-bucket-count=8"
    "memorysetup-bucket-allocator-block-size=33554432"
    "memorysetup-bucket-allocator-block-count=8"
    "memorysetup-main-allocator-block-size=16777216"
    "memorysetup-thread-allocator-block-size=16777216"
    "memorysetup-gfx-main-allocator-block-size=16777216"
    "memorysetup-gfx-thread-allocator-block-size=16777216"
    "memorysetup-cache-allocator-block-size=4194304"
    "memorysetup-typetree-allocator-block-size=2097152"
    "memorysetup-profiler-bucket-allocator-granularity=16"
    "memorysetup-profiler-bucket-allocator-bucket-count=8"
    "memorysetup-profiler-bucket-allocator-block-size=33554432"
    "memorysetup-profiler-bucket-allocator-block-count=8"
    "memorysetup-profiler-allocator-block-size=16777216"
    "memorysetup-profiler-editor-allocator-block-size=1048576"
    "memorysetup-temp-allocator-size-main=16777216"
    "memorysetup-job-temp-allocator-block-size=2097152"
    "memorysetup-job-temp-allocator-block-size-background=1048576"
    "memorysetup-job-temp-allocator-reduction-small-platforms=262144"
    "memorysetup-temp-allocator-size-background-worker=32768"
    "memorysetup-temp-allocator-size-job-worker=262144"
    "memorysetup-temp-allocator-size-preload-manager=33554432"
    "memorysetup-temp-allocator-size-nav-mesh-worker=65536"
    "memorysetup-temp-allocator-size-audio-worker=65536"
    "memorysetup-temp-allocator-size-cloud-worker=32768"
    "memorysetup-temp-allocator-size-gi-baking-worker=262144"
    "memorysetup-temp-allocator-size-gfx=262144"
Player connection [10172] Host "[IP] 192.168.10.1 [Port] 0 [Flags] 2 [Guid] 806258911 [EditorId] 806258911 [Version] 1048832 [Id] WindowsEditor(7,aysegul) [Debug] 1 [PackageName] WindowsEditor [ProjectName] Editor" joined multi-casting on [225.0.0.222:54997]...

Player connection [10172] Host "[IP] 192.168.10.1 [Port] 0 [Flags] 2 [Guid] 806258911 [EditorId] 806258911 [Version] 1048832 [Id] WindowsEditor(7,aysegul) [Debug] 1 [PackageName] WindowsEditor [ProjectName] Editor" joined alternative multi-casting on [225.0.0.222:34997]...

Refreshing native plugins compatible for Editor in 91.08 ms, found 4 plugins.
Preloading 0 native plugins for Editor in 0.00 ms.
Initialize engine version: 2021.3.19f1 (c9714fde33b6)
[Subsystems] Discovering subsystems at path C:/Program Files/Unity/Hub/Editor/2021.3.19f1/Editor/Data/Resources/UnitySubsystems
[Subsystems] Discovering subsystems at path C:/Users/ayseg/OneDrive/Masaüstü/Fınal project/direct/My project/Assets
GfxDevice: creating device client; threaded=0; jobified=0
Direct3D:
    Version:  Direct3D 11.0 [level 11.1]
    Renderer: NVIDIA GeForce RTX 3060 Laptop GPU (ID=0x2520)
    Vendor:   NVIDIA
    VRAM:     6009 MB
    Driver:   31.0.15.3141
Initialize mono
Mono path[0] = 'C:/Program Files/Unity/Hub/Editor/2021.3.19f1/Editor/Data/Managed'
Mono path[1] = 'C:/Program Files/Unity/Hub/Editor/2021.3.19f1/Editor/Data/MonoBleedingEdge/lib/mono/unityjit-win32'
Mono config path = 'C:/Program Files/Unity/Hub/Editor/2021.3.19f1/Editor/Data/MonoBleedingEdge/etc'
Using monoOptions --debugger-agent=transport=dt_socket,embedding=1,server=y,suspend=n,address=127.0.0.1:56992
Begin MonoManager ReloadAssembly
Registering precompiled unity dll's ...
Register platform support module: C:/Program Files/Unity/Hub/Editor/2021.3.19f1/Editor/Data/PlaybackEngines/WebGLSupport/UnityEditor.WebGL.Extensions.dll
Register platform support module: C:/Program Files/Unity/Hub/Editor/2021.3.19f1/Editor/Data/PlaybackEngines/WindowsStandaloneSupport/UnityEditor.WindowsStandalone.Extensions.dll
Registered in 0.003388 seconds.
Native extension for WindowsStandalone target not found
Native extension for WebGL target not found
Refreshing native plugins compatible for Editor in 81.43 ms, found 4 plugins.
Preloading 0 native plugins for Editor in 0.00 ms.
Mono: successfully reloaded assembly
- Completed reload, in  0.480 seconds
Domain Reload Profiling:
	ReloadAssembly (480ms)
		BeginReloadAssembly (53ms)
			ExecutionOrderSort (0ms)
			DisableScriptedObjects (0ms)
			BackupInstance (0ms)
			ReleaseScriptingObjects (0ms)
			CreateAndSetChildDomain (1ms)
		EndReloadAssembly (347ms)
			LoadAssemblies (52ms)
			RebuildTransferFunctionScriptingTraits (0ms)
			SetupTypeCache (77ms)
			ReleaseScriptCaches (0ms)
			RebuildScriptCaches (21ms)
			SetupLoadedEditorAssemblies (211ms)
				LogAssemblyErrors (0ms)
				InitializePlatformSupportModulesInManaged (6ms)
				SetLoadedEditorAssemblies (0ms)
				RefreshPlugins (81ms)
				BeforeProcessingInitializeOnLoad (1ms)
				ProcessInitializeOnLoadAttributes (90ms)
				ProcessInitializeOnLoadMethodAttributes (33ms)
				AfterProcessingInitializeOnLoad (0ms)
				EditorAssembliesLoaded (0ms)
			ExecutionOrderSort2 (0ms)
			AwakeInstancesAfterBackupRestoration (0ms)
Platform modules already initialized, skipping
Registering precompiled user dll's ...
Registered in 0.004937 seconds.
Begin MonoManager ReloadAssembly
Symbol file LoadedFromMemory doesn't match image C:\Users\ayseg\OneDrive\Masaüstü\Fınal project\direct\My project\Library\PackageCache\com.unity.visualscripting@1.8.0\Editor\VisualScripting.Core\Dependencies\YamlDotNet\Unity.VisualScripting.YamlDotNet.dll
Symbol file LoadedFromMemory doesn't match image C:\Users\ayseg\OneDrive\Masaüstü\Fınal project\direct\My project\Library\PackageCache\com.unity.visualscripting@1.8.0\Editor\VisualScripting.Core\Dependencies\DotNetZip\Unity.VisualScripting.IonicZip.dll
Native extension for WindowsStandalone target not found
Native extension for WebGL target not found
Refreshing native plugins compatible for Editor in 82.25 ms, found 4 plugins.
Preloading 0 native plugins for Editor in 0.00 ms.
Mono: successfully reloaded assembly
- Completed reload, in  0.942 seconds
Domain Reload Profiling:
	ReloadAssembly (943ms)
		BeginReloadAssembly (84ms)
			ExecutionOrderSort (0ms)
			DisableScriptedObjects (4ms)
			BackupInstance (0ms)
			ReleaseScriptingObjects (0ms)
			CreateAndSetChildDomain (18ms)
		EndReloadAssembly (772ms)
			LoadAssemblies (61ms)
			RebuildTransferFunctionScriptingTraits (0ms)
			SetupTypeCache (183ms)
			ReleaseScriptCaches (1ms)
			RebuildScriptCaches (58ms)
			SetupLoadedEditorAssemblies (423ms)
				LogAssemblyErrors (0ms)
				InitializePlatformSupportModulesInManaged (4ms)
				SetLoadedEditorAssemblies (0ms)
				RefreshPlugins (82ms)
				BeforeProcessingInitializeOnLoad (73ms)
				ProcessInitializeOnLoadAttributes (227ms)
				ProcessInitializeOnLoadMethodAttributes (31ms)
				AfterProcessingInitializeOnLoad (5ms)
				EditorAssembliesLoaded (0ms)
			ExecutionOrderSort2 (0ms)
			AwakeInstancesAfterBackupRestoration (5ms)
Platform modules already initialized, skipping
========================================================================
Worker process is ready to serve import requests
Launched and connected shader compiler UnityShaderCompiler.exe after 0.03 seconds
Refreshing native plugins compatible for Editor in 0.86 ms, found 4 plugins.
Preloading 0 native plugins for Editor in 0.00 ms.
Unloading 4109 Unused Serialized files (Serialized files now loaded: 0)
Unloading 44 unused Assets / (229.4 KB). Loaded Objects now: 4566.
Memory consumption went from 159.3 MB to 159.0 MB.
Total: 3.428500 ms (FindLiveObjects: 0.351500 ms CreateObjectMapping: 0.158200 ms MarkObjects: 2.689700 ms  DeleteObjects: 0.228000 ms)

AssetImportParameters requested are different than current active one (requested -> active):
  custom:video-decoder-ogg-theora: a1e56fd34408186e4bbccfd4996cb3dc -> 
  custom:container-muxer-webm: aa71ff27fc2769a1b78a27578f13a17b -> 
  custom:container-demuxer-webm: 4f35f7cbe854078d1ac9338744f61a02 -> 
  custom:video-encoder-webm-vp8: eb34c28f22e8b96e1ab97ce403110664 -> 
  custom:video-codec-MediaFoundation-h265: 746d11721c4dcdbdad8f713fa42b33f4 -> 
  custom:audio-encoder-webm-vorbis: bf7c407c2cedff20999df2af8eb42d56 -> 
  custom:framework-win-MediaFoundation: 216162199b28c13a410421893ffa2e32 -> 
  custom:container-demuxer-ogg: 62fdf1f143b41e24485cea50d1cbac27 -> 
  custom:video-decoder-webm-vp8: 9c59270c3fd7afecdb556c50c9e8de78 -> 
  custom:audio-decoder-ogg-vorbis: bf7c407c2cedff20999df2af8eb42d56 -> 
========================================================================
Received Import Request.
  Time since last request: 396844.183383 seconds.
  path: Assets/effects/2D Pixel Item Pack/Heavy Outline/S_ItemHeavyOutline_BarrelPurple_00.png
  artifactKey: Guid(5bbde09ad7dbef143a4227500767d69b) Importer(815301076,1909f56bfc062723c751e8b465ee728b)
Start importing Assets/effects/2D Pixel Item Pack/Heavy Outline/S_ItemHeavyOutline_BarrelPurple_00.png using Guid(5bbde09ad7dbef143a4227500767d69b) Importer(815301076,1909f56bfc062723c751e8b465ee728b)  -> (artifact id: '2ad0c7266a96ea44d40198edb41762ff') in 0.109260 seconds 
========================================================================
Received Import Request.
  Time since last request: 0.000038 seconds.
  path: Assets/effects/2D Pixel Item Pack/Heavy Outline/S_ItemHeavyOutline_JarPurple_00.png
  artifactKey: Guid(f0c791a61d836134ebacb8eed2c6c122) Importer(815301076,1909f56bfc062723c751e8b465ee728b)
Start importing Assets/effects/2D Pixel Item Pack/Heavy Outline/S_ItemHeavyOutline_JarPurple_00.png using Guid(f0c791a61d836134ebacb8eed2c6c122) Importer(815301076,1909f56bfc062723c751e8b465ee728b)  -> (artifact id: '4e5f29317ff8f62a55dfdbf4f5a5a013') in 0.017784 seconds 
========================================================================
Received Import Request.
  Time since last request: 0.000061 seconds.
  path: Assets/effects/2D Pixel Item Pack/Heavy Outline/S_ItemHeavyOutline_PotionPurple_01.png
  artifactKey: Guid(aea25ed5f86cab246ac2abb823cb999b) Importer(815301076,1909f56bfc062723c751e8b465ee728b)
Start importing Assets/effects/2D Pixel Item Pack/Heavy Outline/S_ItemHeavyOutline_PotionPurple_01.png using Guid(aea25ed5f86cab246ac2abb823cb999b) Importer(815301076,1909f56bfc062723c751e8b465ee728b)  -> (artifact id: 'ecea2321bcf604aaeffc2145bbedd0cb') in 0.019319 seconds 
========================================================================
Received Import Request.
  Time since last request: 0.000030 seconds.
  path: Assets/effects/2D Pixel Item Pack/Heavy Outline/S_ItemHeavyOutline_JarRed_00.png
  artifactKey: Guid(696f52c7965f17746a01941fdbb0b1ba) Importer(815301076,1909f56bfc062723c751e8b465ee728b)
Start importing Assets/effects/2D Pixel Item Pack/Heavy Outline/S_ItemHeavyOutline_JarRed_00.png using Guid(696f52c7965f17746a01941fdbb0b1ba) Importer(815301076,1909f56bfc062723c751e8b465ee728b)  -> (artifact id: '30f97dd6ef011b4dc045aa97898d8f01') in 0.022780 seconds 
========================================================================
Received Import Request.
  Time since last request: 0.000028 seconds.
  path: Assets/effects/2D Pixel Item Pack/Heavy Outline/S_ItemHeavyOutline_HeartGold_00.png
  artifactKey: Guid(0d3e542041db03f4bb7384d4b09364c3) Importer(815301076,1909f56bfc062723c751e8b465ee728b)
Start importing Assets/effects/2D Pixel Item Pack/Heavy Outline/S_ItemHeavyOutline_HeartGold_00.png using Guid(0d3e542041db03f4bb7384d4b09364c3) Importer(815301076,1909f56bfc062723c751e8b465ee728b)  -> (artifact id: '6744dc44350ce834f1756915b859239d') in 0.014295 seconds 
========================================================================
Received Import Request.
  Time since last request: 0.000020 seconds.
  path: Assets/effects/2D Pixel Item Pack/Heavy Outline/S_ItemHeavyOutline_PotionGreen_00.png
  artifactKey: Guid(d19ccb8e619c9324487328c4f83f7f66) Importer(815301076,1909f56bfc062723c751e8b465ee728b)
Start importing Assets/effects/2D Pixel Item Pack/Heavy Outline/S_ItemHeavyOutline_PotionGreen_00.png using Guid(d19ccb8e619c9324487328c4f83f7f66) Importer(815301076,1909f56bfc062723c751e8b465ee728b)  -> (artifact id: '3d95af99ba99dc19c58af4d2dbc104dc') in 0.020455 seconds 
========================================================================
Received Import Request.
  Time since last request: 0.000045 seconds.
  path: Assets/effects/2D Pixel Item Pack/Heavy Outline/S_ItemHeavyOutline_PotionBlue_01.png
  artifactKey: Guid(94113daefd864e64595a2b73b933e835) Importer(815301076,1909f56bfc062723c751e8b465ee728b)
Start importing Assets/effects/2D Pixel Item Pack/Heavy Outline/S_ItemHeavyOutline_PotionBlue_01.png using Guid(94113daefd864e64595a2b73b933e835) Importer(815301076,1909f56bfc062723c751e8b465ee728b)  -> (artifact id: '5a9afaa2d30f0145d1e856a26bd6aff6') in 0.013859 seconds 
========================================================================
Received Import Request.
  Time since last request: 0.000034 seconds.
  path: Assets/effects/2D Pixel Item Pack/Heavy Outline/S_ItemHeavyOutline_ChestRed_00.png
  artifactKey: Guid(50fc0b00f1cca6d4198745eee8695886) Importer(815301076,1909f56bfc062723c751e8b465ee728b)
Start importing Assets/effects/2D Pixel Item Pack/Heavy Outline/S_ItemHeavyOutline_ChestRed_00.png using Guid(50fc0b00f1cca6d4198745eee8695886) Importer(815301076,1909f56bfc062723c751e8b465ee728b)  -> (artifact id: '82a353c722002785f5beacff7be03544') in 0.017084 seconds 
========================================================================
Received Import Request.
  Time since last request: 0.000048 seconds.
  path: Assets/effects/2D Pixel Item Pack/Heavy Outline/S_ItemHeavyOutline_PotionGold_00.png
  artifactKey: Guid(bfe2172ea6d8548459c72a978878c238) Importer(815301076,1909f56bfc062723c751e8b465ee728b)
Start importing Assets/effects/2D Pixel Item Pack/Heavy Outline/S_ItemHeavyOutline_PotionGold_00.png using Guid(bfe2172ea6d8548459c72a978878c238) Importer(815301076,1909f56bfc062723c751e8b465ee728b)  -> (artifact id: 'bedf8dbf5329306a73d0d98fbdd22e49') in 0.014086 seconds 
========================================================================
Received Import Request.
  Time since last request: 15.463892 seconds.
  path: Assets/effects/2D Pixel Item Pack/Light Outline/S_ItemLightOutline_BarrelPurple_00.png
  artifactKey: Guid(fbe9cff0b2ea6864e81dcf18230686e8) Importer(815301076,1909f56bfc062723c751e8b465ee728b)
Start importing Assets/effects/2D Pixel Item Pack/Light Outline/S_ItemLightOutline_BarrelPurple_00.png using Guid(fbe9cff0b2ea6864e81dcf18230686e8) Importer(815301076,1909f56bfc062723c751e8b465ee728b)  -> (artifact id: 'ebf348737bb8533da58ce570ba28c7ff') in 0.018870 seconds 
========================================================================
Received Import Request.
  Time since last request: 0.000024 seconds.
  path: Assets/effects/2D Pixel Item Pack/Light Outline/S_ItemLightOutline_PotionBlue_02.png
  artifactKey: Guid(9d4876b2fb3f71a4096454de5f85a9b7) Importer(815301076,1909f56bfc062723c751e8b465ee728b)
Start importing Assets/effects/2D Pixel Item Pack/Light Outline/S_ItemLightOutline_PotionBlue_02.png using Guid(9d4876b2fb3f71a4096454de5f85a9b7) Importer(815301076,1909f56bfc062723c751e8b465ee728b)  -> (artifact id: '9883b786b7a25b97fd1c871adebdd4ad') in 0.017369 seconds 
========================================================================
Received Import Request.
  Time since last request: 0.000026 seconds.
  path: Assets/effects/2D Pixel Item Pack/Light Outline/S_ItemLightOutline_JarGreen_01.png
  artifactKey: Guid(ebbd9788d7d24684cb34b55dad9c1a34) Importer(815301076,1909f56bfc062723c751e8b465ee728b)
Start importing Assets/effects/2D Pixel Item Pack/Light Outline/S_ItemLightOutline_JarGreen_01.png using Guid(ebbd9788d7d24684cb34b55dad9c1a34) Importer(815301076,1909f56bfc062723c751e8b465ee728b)  -> (artifact id: 'cdb3bc612d473169091c96fd32729b8a') in 0.022915 seconds 
========================================================================
Received Import Request.
  Time since last request: 0.000061 seconds.
  path: Assets/effects/2D Pixel Item Pack/Light Outline/S_ItemLightOutline_ChestPurple_00.png
  artifactKey: Guid(9ae73cc8499d92b4cadf5de943bbfc92) Importer(815301076,1909f56bfc062723c751e8b465ee728b)
Start importing Assets/effects/2D Pixel Item Pack/Light Outline/S_ItemLightOutline_ChestPurple_00.png using Guid(9ae73cc8499d92b4cadf5de943bbfc92) Importer(815301076,1909f56bfc062723c751e8b465ee728b)  -> (artifact id: '89a18aab859dafef1783c9cb7b36e272') in 0.017121 seconds 
========================================================================
Received Import Request.
  Time since last request: 0.000024 seconds.
  path: Assets/effects/2D Pixel Item Pack/Light Outline/S_ItemLightOutline_ChestGold_00.png
  artifactKey: Guid(b91604b41cc7bb74db18d32655bf9212) Importer(815301076,1909f56bfc062723c751e8b465ee728b)
Start importing Assets/effects/2D Pixel Item Pack/Light Outline/S_ItemLightOutline_ChestGold_00.png using Guid(b91604b41cc7bb74db18d32655bf9212) Importer(815301076,1909f56bfc062723c751e8b465ee728b)  -> (artifact id: '848ecc41816610811d646e6c8dcef206') in 0.023135 seconds 
========================================================================
Received Import Request.
  Time since last request: 0.000023 seconds.
  path: Assets/effects/2D Pixel Item Pack/Light Outline/S_ItemLightOutline_PotionRed_00.png
  artifactKey: Guid(dc98641484cb3724f9161856d6b33124) Importer(815301076,1909f56bfc062723c751e8b465ee728b)
Start importing Assets/effects/2D Pixel Item Pack/Light Outline/S_ItemLightOutline_PotionRed_00.png using Guid(dc98641484cb3724f9161856d6b33124) Importer(815301076,1909f56bfc062723c751e8b465ee728b)  -> (artifact id: 'b1a4bdb13f4d1d99dc0951dcf78da824') in 0.023480 seconds 
========================================================================
Received Import Request.
  Time since last request: 0.000026 seconds.
  path: Assets/effects/2D Pixel Item Pack/Light Outline/S_ItemLightOutline_ChestBlue_00.png
  artifactKey: Guid(9fba3de480edfe74681481770b5dd576) Importer(815301076,1909f56bfc062723c751e8b465ee728b)
Start importing Assets/effects/2D Pixel Item Pack/Light Outline/S_ItemLightOutline_ChestBlue_00.png using Guid(9fba3de480edfe74681481770b5dd576) Importer(815301076,1909f56bfc062723c751e8b465ee728b)  -> (artifact id: 'fe9fbb2f81f54766724642680cef7679') in 0.017319 seconds 
========================================================================
Received Import Request.
  Time since last request: 0.000026 seconds.
  path: Assets/effects/2D Pixel Item Pack/Light Outline/S_ItemLightOutline_PotionGreen_02.png
  artifactKey: Guid(a9d02d79a9caaca4ab31458e413042ba) Importer(815301076,1909f56bfc062723c751e8b465ee728b)
Start importing Assets/effects/2D Pixel Item Pack/Light Outline/S_ItemLightOutline_PotionGreen_02.png using Guid(a9d02d79a9caaca4ab31458e413042ba) Importer(815301076,1909f56bfc062723c751e8b465ee728b)  -> (artifact id: '02a2b7ed63088e07f4f824772be68f2e') in 0.020213 seconds 
========================================================================
Received Import Request.
  Time since last request: 0.000030 seconds.
  path: Assets/effects/2D Pixel Item Pack/Light Outline/S_ItemLightOutline_JarRed_00.png
  artifactKey: Guid(a2905542269b85347b02c9680e021f05) Importer(815301076,1909f56bfc062723c751e8b465ee728b)
Start importing Assets/effects/2D Pixel Item Pack/Light Outline/S_ItemLightOutline_JarRed_00.png using Guid(a2905542269b85347b02c9680e021f05) Importer(815301076,1909f56bfc062723c751e8b465ee728b)  -> (artifact id: '0f2e55791fcf7601db838b055d1e8d88') in 0.020474 seconds 
========================================================================
Received Import Request.
  Time since last request: 0.000037 seconds.
  path: Assets/effects/2D Pixel Item Pack/Light Outline/S_ItemLightOutline_JarBlue_00.png
  artifactKey: Guid(a3ef59eb84c01d843a240451c3b1f2bb) Importer(815301076,1909f56bfc062723c751e8b465ee728b)
Start importing Assets/effects/2D Pixel Item Pack/Light Outline/S_ItemLightOutline_JarBlue_00.png using Guid(a3ef59eb84c01d843a240451c3b1f2bb) Importer(815301076,1909f56bfc062723c751e8b465ee728b)  -> (artifact id: '4c3ad9fd46093ec68f798681fea13a7a') in 0.019447 seconds 
========================================================================
Received Import Request.
  Time since last request: 0.000027 seconds.
  path: Assets/effects/2D Pixel Item Pack/Light Outline/S_ItemLightOutline_PotionPurple_02.png
  artifactKey: Guid(f6c8338ac999bc94e9a7d79c7262d443) Importer(815301076,1909f56bfc062723c751e8b465ee728b)
Start importing Assets/effects/2D Pixel Item Pack/Light Outline/S_ItemLightOutline_PotionPurple_02.png using Guid(f6c8338ac999bc94e9a7d79c7262d443) Importer(815301076,1909f56bfc062723c751e8b465ee728b)  -> (artifact id: '7c9bc6bf3c53161dee1c729eff2fbad3') in 0.013949 seconds 
========================================================================
Received Import Request.
  Time since last request: 24.474031 seconds.
  path: Assets/effects/2D Pixel Item Pack/No Outline/S_ItemNoOutline_BarrelPurple_00.png
  artifactKey: Guid(999538d78e7c5a44c9b6687b1f4300d5) Importer(815301076,1909f56bfc062723c751e8b465ee728b)
Start importing Assets/effects/2D Pixel Item Pack/No Outline/S_ItemNoOutline_BarrelPurple_00.png using Guid(999538d78e7c5a44c9b6687b1f4300d5) Importer(815301076,1909f56bfc062723c751e8b465ee728b)  -> (artifact id: '73e55d1bd859832b4feee7cab40afccd') in 0.019196 seconds 
========================================================================
Received Import Request.
  Time since last request: 0.000028 seconds.
  path: Assets/effects/2D Pixel Item Pack/No Outline/S_ItemNoOutline_JarPurple_01.png
  artifactKey: Guid(1212ba15464c71842a6f2058818990e5) Importer(815301076,1909f56bfc062723c751e8b465ee728b)
Start importing Assets/effects/2D Pixel Item Pack/No Outline/S_ItemNoOutline_JarPurple_01.png using Guid(1212ba15464c71842a6f2058818990e5) Importer(815301076,1909f56bfc062723c751e8b465ee728b)  -> (artifact id: '517c73c6c107c7bd21866652d2d34912') in 0.015540 seconds 
========================================================================
Received Import Request.
  Time since last request: 0.000051 seconds.
  path: Assets/effects/2D Pixel Item Pack/No Outline/S_ItemNoOutline_PotionBlue_02.png
  artifactKey: Guid(3167e107b47c92e45a9374f88953048f) Importer(815301076,1909f56bfc062723c751e8b465ee728b)
Start importing Assets/effects/2D Pixel Item Pack/No Outline/S_ItemNoOutline_PotionBlue_02.png using Guid(3167e107b47c92e45a9374f88953048f) Importer(815301076,1909f56bfc062723c751e8b465ee728b)  -> (artifact id: '5e36b3ea536bda79c89d19b82f95fea2') in 0.018045 seconds 
========================================================================
Received Import Request.
  Time since last request: 0.000020 seconds.
  path: Assets/effects/2D Pixel Item Pack/No Outline/S_ItemNoOutline_ChestGold_00.png
  artifactKey: Guid(011013d686918364db8dd879442f57b7) Importer(815301076,1909f56bfc062723c751e8b465ee728b)
Start importing Assets/effects/2D Pixel Item Pack/No Outline/S_ItemNoOutline_ChestGold_00.png using Guid(011013d686918364db8dd879442f57b7) Importer(815301076,1909f56bfc062723c751e8b465ee728b)  -> (artifact id: 'd4955b498d789892050222a780e3b6cc') in 0.015208 seconds 
========================================================================
Received Import Request.
  Time since last request: 0.000028 seconds.
  path: Assets/effects/2D Pixel Item Pack/No Outline/S_ItemNoOutline_PotionGold_00.png
  artifactKey: Guid(85345332a6c9ae74c820aad6486f1b00) Importer(815301076,1909f56bfc062723c751e8b465ee728b)
Start importing Assets/effects/2D Pixel Item Pack/No Outline/S_ItemNoOutline_PotionGold_00.png using Guid(85345332a6c9ae74c820aad6486f1b00) Importer(815301076,1909f56bfc062723c751e8b465ee728b)  -> (artifact id: 'f3eb656aea4a76f4f94e7fa7c947fb22') in 0.018320 seconds 
========================================================================
Received Import Request.
  Time since last request: 0.000040 seconds.
  path: Assets/effects/2D Pixel Item Pack/No Outline/S_ItemNoOutline_PotionBlue_01.png
  artifactKey: Guid(a687ff4614bf2eb479302455edb6abeb) Importer(815301076,1909f56bfc062723c751e8b465ee728b)
Start importing Assets/effects/2D Pixel Item Pack/No Outline/S_ItemNoOutline_PotionBlue_01.png using Guid(a687ff4614bf2eb479302455edb6abeb) Importer(815301076,1909f56bfc062723c751e8b465ee728b)  -> (artifact id: '31511323027742ca80b67e8e17f7f950') in 0.014310 seconds 
========================================================================
Received Import Request.
  Time since last request: 0.000126 seconds.
  path: Assets/effects/2D Pixel Item Pack/No Outline/S_ItemNoOutline_PotionRed_02.png
  artifactKey: Guid(1faab0627e69c1747aba494c3637e1bb) Importer(815301076,1909f56bfc062723c751e8b465ee728b)
Start importing Assets/effects/2D Pixel Item Pack/No Outline/S_ItemNoOutline_PotionRed_02.png using Guid(1faab0627e69c1747aba494c3637e1bb) Importer(815301076,1909f56bfc062723c751e8b465ee728b)  -> (artifact id: 'e801023c5134be5fed4c586913622016') in 0.016459 seconds 
========================================================================
Received Import Request.
  Time since last request: 0.000024 seconds.
  path: Assets/effects/2D Pixel Item Pack/No Outline/S_ItemNoOutline_PotionRed_00.png
  artifactKey: Guid(a38de2af0ebcd1d438398af9491043ac) Importer(815301076,1909f56bfc062723c751e8b465ee728b)
Start importing Assets/effects/2D Pixel Item Pack/No Outline/S_ItemNoOutline_PotionRed_00.png using Guid(a38de2af0ebcd1d438398af9491043ac) Importer(815301076,1909f56bfc062723c751e8b465ee728b)  -> (artifact id: 'd0dbc47c96b569554aee75c0ab5a7c82') in 0.015934 seconds 
========================================================================
Received Import Request.
  Time since last request: 0.000033 seconds.
  path: Assets/effects/2D Pixel Item Pack/No Outline/S_ItemNoOutline_ChestRed_00.png
  artifactKey: Guid(d374c104b2b43c5449b430081e3d117e) Importer(815301076,1909f56bfc062723c751e8b465ee728b)
Start importing Assets/effects/2D Pixel Item Pack/No Outline/S_ItemNoOutline_ChestRed_00.png using Guid(d374c104b2b43c5449b430081e3d117e) Importer(815301076,1909f56bfc062723c751e8b465ee728b)  -> (artifact id: 'a0a80901b15e033158728b1bc12a634a') in 0.016807 seconds 
========================================================================
Received Import Request.
  Time since last request: 0.000026 seconds.
  path: Assets/effects/2D Pixel Item Pack/No Outline/S_ItemNoOutline_HeartGold_00.png
  artifactKey: Guid(a3593f4726e4c414294d349cf7c07316) Importer(815301076,1909f56bfc062723c751e8b465ee728b)
Start importing Assets/effects/2D Pixel Item Pack/No Outline/S_ItemNoOutline_HeartGold_00.png using Guid(a3593f4726e4c414294d349cf7c07316) Importer(815301076,1909f56bfc062723c751e8b465ee728b)  -> (artifact id: '352363aa8e12d1ad81233d5df307221c') in 0.015392 seconds 
========================================================================
Received Import Request.
  Time since last request: 0.000037 seconds.
  path: Assets/effects/2D Pixel Item Pack/No Outline/S_ItemNoOutline_CoinGreen_00.png
  artifactKey: Guid(9183feacbdb09714ab2b7fe8d652857a) Importer(815301076,1909f56bfc062723c751e8b465ee728b)
Start importing Assets/effects/2D Pixel Item Pack/No Outline/S_ItemNoOutline_CoinGreen_00.png using Guid(9183feacbdb09714ab2b7fe8d652857a) Importer(815301076,1909f56bfc062723c751e8b465ee728b)  -> (artifact id: '11995885289f9122eb2612063aa98361') in 0.019156 seconds 
========================================================================
Received Import Request.
  Time since last request: 0.000038 seconds.
  path: Assets/effects/2D Pixel Item Pack/No Outline/S_ItemNoOutline_JarRed_01.png
  artifactKey: Guid(e57e38e969e13584f8f8a1125bbc0df8) Importer(815301076,1909f56bfc062723c751e8b465ee728b)
Start importing Assets/effects/2D Pixel Item Pack/No Outline/S_ItemNoOutline_JarRed_01.png using Guid(e57e38e969e13584f8f8a1125bbc0df8) Importer(815301076,1909f56bfc062723c751e8b465ee728b)  -> (artifact id: '3bf410d69fd011ac7e0ce398e58d31c4') in 0.018892 seconds 
Editor requested this worker to shutdown with reason: Scaling down because of idle timeout
AssetImportWorker is now disconnected from the server
Process exiting
Exiting without the bug reporter. Application will terminate with return code 0