Using pre-set license
Built from '2021.3/staging' branch; Version is '2021.3.19f1 (c9714fde33b6) revision 13201743'; Using compiler version '192829333'; Build Type 'Release'
OS: 'Windows 11  (10.0.22621) 64bit CoreSingleLanguage' Language: 'tr' Physical Memory: 16125 MB
BatchMode: 1, IsHumanControllingUs: 0, StartBugReporterOnCrash: 0, Is64bit: 1, IsPro: 1

COMMAND LINE ARGUMENTS:
C:\Program Files\Unity\Hub\Editor\2021.3.19f1\Editor\Unity.exe
-adb2
-batchMode
-noUpm
-name
AssetImportWorker6
-projectPath
C:/Users/ayseg/OneDrive/Masaüstü/Fınal project/direct/My project
-logFile
Logs/AssetImportWorker6.log
-srvPort
64815
Successfully changed project path to: C:/Users/ayseg/OneDrive/Masaüstü/Fınal project/direct/My project
C:/Users/ayseg/OneDrive/Masaüstü/Fınal project/direct/My project
[UnityMemory] Configuration Parameters - Can be set up in boot.config
    "memorysetup-bucket-allocator-granularity=16"
    "memorysetup-bucket-allocator-bucket-count=8"
    "memorysetup-bucket-allocator-block-size=33554432"
    "memorysetup-bucket-allocator-block-count=8"
    "memorysetup-main-allocator-block-size=16777216"
    "memorysetup-thread-allocator-block-size=16777216"
    "memorysetup-gfx-main-allocator-block-size=16777216"
    "memorysetup-gfx-thread-allocator-block-size=16777216"
    "memorysetup-cache-allocator-block-size=4194304"
    "memorysetup-typetree-allocator-block-size=2097152"
    "memorysetup-profiler-bucket-allocator-granularity=16"
    "memorysetup-profiler-bucket-allocator-bucket-count=8"
    "memorysetup-profiler-bucket-allocator-block-size=33554432"
    "memorysetup-profiler-bucket-allocator-block-count=8"
    "memorysetup-profiler-allocator-block-size=16777216"
    "memorysetup-profiler-editor-allocator-block-size=1048576"
    "memorysetup-temp-allocator-size-main=16777216"
    "memorysetup-job-temp-allocator-block-size=2097152"
    "memorysetup-job-temp-allocator-block-size-background=1048576"
    "memorysetup-job-temp-allocator-reduction-small-platforms=262144"
    "memorysetup-temp-allocator-size-background-worker=32768"
    "memorysetup-temp-allocator-size-job-worker=262144"
    "memorysetup-temp-allocator-size-preload-manager=33554432"
    "memorysetup-temp-allocator-size-nav-mesh-worker=65536"
    "memorysetup-temp-allocator-size-audio-worker=65536"
    "memorysetup-temp-allocator-size-cloud-worker=32768"
    "memorysetup-temp-allocator-size-gi-baking-worker=262144"
    "memorysetup-temp-allocator-size-gfx=262144"
Player connection [19584] Host "[IP] 192.168.10.1 [Port] 0 [Flags] 2 [Guid] 2677689834 [EditorId] 2677689834 [Version] 1048832 [Id] WindowsEditor(7,aysegul) [Debug] 1 [PackageName] WindowsEditor [ProjectName] Editor" joined multi-casting on [225.0.0.222:54997]...

Player connection [19584] Host "[IP] 192.168.10.1 [Port] 0 [Flags] 2 [Guid] 2677689834 [EditorId] 2677689834 [Version] 1048832 [Id] WindowsEditor(7,aysegul) [Debug] 1 [PackageName] WindowsEditor [ProjectName] Editor" joined alternative multi-casting on [225.0.0.222:34997]...

Refreshing native plugins compatible for Editor in 104.59 ms, found 4 plugins.
Preloading 0 native plugins for Editor in 0.00 ms.
Initialize engine version: 2021.3.19f1 (c9714fde33b6)
[Subsystems] Discovering subsystems at path C:/Program Files/Unity/Hub/Editor/2021.3.19f1/Editor/Data/Resources/UnitySubsystems
[Subsystems] Discovering subsystems at path C:/Users/ayseg/OneDrive/Masaüstü/Fınal project/direct/My project/Assets
GfxDevice: creating device client; threaded=0; jobified=0
Direct3D:
    Version:  Direct3D 11.0 [level 11.1]
    Renderer: NVIDIA GeForce RTX 3060 Laptop GPU (ID=0x2520)
    Vendor:   NVIDIA
    VRAM:     6009 MB
    Driver:   31.0.15.3141
Initialize mono
Mono path[0] = 'C:/Program Files/Unity/Hub/Editor/2021.3.19f1/Editor/Data/Managed'
Mono path[1] = 'C:/Program Files/Unity/Hub/Editor/2021.3.19f1/Editor/Data/MonoBleedingEdge/lib/mono/unityjit-win32'
Mono config path = 'C:/Program Files/Unity/Hub/Editor/2021.3.19f1/Editor/Data/MonoBleedingEdge/etc'
Using monoOptions --debugger-agent=transport=dt_socket,embedding=1,server=y,suspend=n,address=127.0.0.1:56164
Begin MonoManager ReloadAssembly
Registering precompiled unity dll's ...
Register platform support module: C:/Program Files/Unity/Hub/Editor/2021.3.19f1/Editor/Data/PlaybackEngines/WebGLSupport/UnityEditor.WebGL.Extensions.dll
Register platform support module: C:/Program Files/Unity/Hub/Editor/2021.3.19f1/Editor/Data/PlaybackEngines/WindowsStandaloneSupport/UnityEditor.WindowsStandalone.Extensions.dll
Registered in 0.003701 seconds.
Native extension for WindowsStandalone target not found
Native extension for WebGL target not found
Refreshing native plugins compatible for Editor in 82.65 ms, found 4 plugins.
Preloading 0 native plugins for Editor in 0.00 ms.
Mono: successfully reloaded assembly
- Completed reload, in  0.481 seconds
Domain Reload Profiling:
	ReloadAssembly (482ms)
		BeginReloadAssembly (54ms)
			ExecutionOrderSort (0ms)
			DisableScriptedObjects (0ms)
			BackupInstance (0ms)
			ReleaseScriptingObjects (0ms)
			CreateAndSetChildDomain (1ms)
		EndReloadAssembly (347ms)
			LoadAssemblies (53ms)
			RebuildTransferFunctionScriptingTraits (0ms)
			SetupTypeCache (79ms)
			ReleaseScriptCaches (0ms)
			RebuildScriptCaches (23ms)
			SetupLoadedEditorAssemblies (208ms)
				LogAssemblyErrors (0ms)
				InitializePlatformSupportModulesInManaged (6ms)
				SetLoadedEditorAssemblies (0ms)
				RefreshPlugins (83ms)
				BeforeProcessingInitializeOnLoad (1ms)
				ProcessInitializeOnLoadAttributes (86ms)
				ProcessInitializeOnLoadMethodAttributes (32ms)
				AfterProcessingInitializeOnLoad (0ms)
				EditorAssembliesLoaded (0ms)
			ExecutionOrderSort2 (0ms)
			AwakeInstancesAfterBackupRestoration (0ms)
Platform modules already initialized, skipping
Registering precompiled user dll's ...
Registered in 0.005170 seconds.
Begin MonoManager ReloadAssembly
Symbol file LoadedFromMemory doesn't match image C:\Users\ayseg\OneDrive\Masaüstü\Fınal project\direct\My project\Library\PackageCache\com.unity.visualscripting@1.8.0\Editor\VisualScripting.Core\Dependencies\YamlDotNet\Unity.VisualScripting.YamlDotNet.dll
Symbol file LoadedFromMemory doesn't match image C:\Users\ayseg\OneDrive\Masaüstü\Fınal project\direct\My project\Library\PackageCache\com.unity.visualscripting@1.8.0\Editor\VisualScripting.Core\Dependencies\DotNetZip\Unity.VisualScripting.IonicZip.dll
Native extension for WindowsStandalone target not found
Native extension for WebGL target not found
Refreshing native plugins compatible for Editor in 82.21 ms, found 4 plugins.
Preloading 0 native plugins for Editor in 0.00 ms.
Mono: successfully reloaded assembly
- Completed reload, in  0.904 seconds
Domain Reload Profiling:
	ReloadAssembly (905ms)
		BeginReloadAssembly (86ms)
			ExecutionOrderSort (0ms)
			DisableScriptedObjects (4ms)
			BackupInstance (0ms)
			ReleaseScriptingObjects (0ms)
			CreateAndSetChildDomain (17ms)
		EndReloadAssembly (732ms)
			LoadAssemblies (68ms)
			RebuildTransferFunctionScriptingTraits (0ms)
			SetupTypeCache (175ms)
			ReleaseScriptCaches (1ms)
			RebuildScriptCaches (43ms)
			SetupLoadedEditorAssemblies (415ms)
				LogAssemblyErrors (0ms)
				InitializePlatformSupportModulesInManaged (4ms)
				SetLoadedEditorAssemblies (0ms)
				RefreshPlugins (82ms)
				BeforeProcessingInitializeOnLoad (72ms)
				ProcessInitializeOnLoadAttributes (222ms)
				ProcessInitializeOnLoadMethodAttributes (29ms)
				AfterProcessingInitializeOnLoad (5ms)
				EditorAssembliesLoaded (0ms)
			ExecutionOrderSort2 (0ms)
			AwakeInstancesAfterBackupRestoration (5ms)
Platform modules already initialized, skipping
========================================================================
Worker process is ready to serve import requests
Launched and connected shader compiler UnityShaderCompiler.exe after 0.03 seconds
Refreshing native plugins compatible for Editor in 0.84 ms, found 4 plugins.
Preloading 0 native plugins for Editor in 0.00 ms.
Unloading 4109 Unused Serialized files (Serialized files now loaded: 0)
Unloading 44 unused Assets / (229.4 KB). Loaded Objects now: 4566.
Memory consumption went from 159.3 MB to 159.0 MB.
Total: 3.516800 ms (FindLiveObjects: 0.395900 ms CreateObjectMapping: 0.139200 ms MarkObjects: 2.795400 ms  DeleteObjects: 0.184400 ms)

AssetImportParameters requested are different than current active one (requested -> active):
  custom:video-decoder-ogg-theora: a1e56fd34408186e4bbccfd4996cb3dc -> 
  custom:container-muxer-webm: aa71ff27fc2769a1b78a27578f13a17b -> 
  custom:container-demuxer-webm: 4f35f7cbe854078d1ac9338744f61a02 -> 
  custom:video-encoder-webm-vp8: eb34c28f22e8b96e1ab97ce403110664 -> 
  custom:video-codec-MediaFoundation-h265: 746d11721c4dcdbdad8f713fa42b33f4 -> 
  custom:audio-encoder-webm-vorbis: bf7c407c2cedff20999df2af8eb42d56 -> 
  custom:framework-win-MediaFoundation: 216162199b28c13a410421893ffa2e32 -> 
  custom:container-demuxer-ogg: 62fdf1f143b41e24485cea50d1cbac27 -> 
  custom:video-decoder-webm-vp8: 9c59270c3fd7afecdb556c50c9e8de78 -> 
  custom:audio-decoder-ogg-vorbis: bf7c407c2cedff20999df2af8eb42d56 -> 
========================================================================
Received Import Request.
  Time since last request: 396844.182930 seconds.
  path: Assets/effects/2D Pixel Item Pack/Heavy Outline/S_ItemHeavyOutline_BarrelGold_00.png
  artifactKey: Guid(cfb9534e88f2cca4f998d9620eccbdf9) Importer(815301076,1909f56bfc062723c751e8b465ee728b)
Start importing Assets/effects/2D Pixel Item Pack/Heavy Outline/S_ItemHeavyOutline_BarrelGold_00.png using Guid(cfb9534e88f2cca4f998d9620eccbdf9) Importer(815301076,1909f56bfc062723c751e8b465ee728b)  -> (artifact id: '1bf66e28382818fda64172d633605360') in 0.117310 seconds 
========================================================================
Received Import Request.
  Time since last request: 0.000045 seconds.
  path: Assets/effects/2D Pixel Item Pack/Heavy Outline/S_ItemHeavyOutline_HeartRed_00.png
  artifactKey: Guid(15cc575b0d9a36846838578bfb080819) Importer(815301076,1909f56bfc062723c751e8b465ee728b)
Start importing Assets/effects/2D Pixel Item Pack/Heavy Outline/S_ItemHeavyOutline_HeartRed_00.png using Guid(15cc575b0d9a36846838578bfb080819) Importer(815301076,1909f56bfc062723c751e8b465ee728b)  -> (artifact id: 'c8edf624dbe711ec7b004f9f1726c08f') in 0.020617 seconds 
========================================================================
Received Import Request.
  Time since last request: 0.000033 seconds.
  path: Assets/effects/2D Pixel Item Pack/Heavy Outline/S_ItemHeavyOutline_CoinGreen_00.png
  artifactKey: Guid(e0d237a6d693d244ab936f97209438d1) Importer(815301076,1909f56bfc062723c751e8b465ee728b)
Start importing Assets/effects/2D Pixel Item Pack/Heavy Outline/S_ItemHeavyOutline_CoinGreen_00.png using Guid(e0d237a6d693d244ab936f97209438d1) Importer(815301076,1909f56bfc062723c751e8b465ee728b)  -> (artifact id: '921188b465512689b1aed426187e678b') in 0.022091 seconds 
========================================================================
Received Import Request.
  Time since last request: 0.000027 seconds.
  path: Assets/effects/2D Pixel Item Pack/Heavy Outline/S_ItemHeavyOutline_PotionGold_02.png
  artifactKey: Guid(642c9aabc6c34a44fb748967f149019e) Importer(815301076,1909f56bfc062723c751e8b465ee728b)
Start importing Assets/effects/2D Pixel Item Pack/Heavy Outline/S_ItemHeavyOutline_PotionGold_02.png using Guid(642c9aabc6c34a44fb748967f149019e) Importer(815301076,1909f56bfc062723c751e8b465ee728b)  -> (artifact id: 'fa69ecca0101dfe555c6642570966d79') in 0.017501 seconds 
========================================================================
Received Import Request.
  Time since last request: 0.000026 seconds.
  path: Assets/effects/2D Pixel Item Pack/Heavy Outline/S_ItemHeavyOutline_JarBlue_01.png
  artifactKey: Guid(1c03cba2df0c2f5489583ca1ad01cc0a) Importer(815301076,1909f56bfc062723c751e8b465ee728b)
Start importing Assets/effects/2D Pixel Item Pack/Heavy Outline/S_ItemHeavyOutline_JarBlue_01.png using Guid(1c03cba2df0c2f5489583ca1ad01cc0a) Importer(815301076,1909f56bfc062723c751e8b465ee728b)  -> (artifact id: '206c6d5d0e3c4deb6a76c57b810eb709') in 0.023707 seconds 
========================================================================
Received Import Request.
  Time since last request: 0.000047 seconds.
  path: Assets/effects/2D Pixel Item Pack/Heavy Outline/S_ItemHeavyOutline_PotionRed_02.png
  artifactKey: Guid(ea665887fc114a1419626aa55d7eb60c) Importer(815301076,1909f56bfc062723c751e8b465ee728b)
Start importing Assets/effects/2D Pixel Item Pack/Heavy Outline/S_ItemHeavyOutline_PotionRed_02.png using Guid(ea665887fc114a1419626aa55d7eb60c) Importer(815301076,1909f56bfc062723c751e8b465ee728b)  -> (artifact id: 'e04b10312bf1addd5065b2fae1edba7d') in 0.015328 seconds 
========================================================================
Received Import Request.
  Time since last request: 0.000037 seconds.
  path: Assets/effects/2D Pixel Item Pack/Heavy Outline/S_ItemHeavyOutline_PotionBlue_00.png
  artifactKey: Guid(16a19be914363964790a17ef8b0bb192) Importer(815301076,1909f56bfc062723c751e8b465ee728b)
Start importing Assets/effects/2D Pixel Item Pack/Heavy Outline/S_ItemHeavyOutline_PotionBlue_00.png using Guid(16a19be914363964790a17ef8b0bb192) Importer(815301076,1909f56bfc062723c751e8b465ee728b)  -> (artifact id: '2c32ca70085e54027dc5affa10b64093') in 0.015008 seconds 
========================================================================
Received Import Request.
  Time since last request: 0.000037 seconds.
  path: Assets/effects/2D Pixel Item Pack/Heavy Outline/S_ItemHeavyOutline_ChestGold_00.png
  artifactKey: Guid(d9c66f7849c970e4c8d3447141d6d291) Importer(815301076,1909f56bfc062723c751e8b465ee728b)
Start importing Assets/effects/2D Pixel Item Pack/Heavy Outline/S_ItemHeavyOutline_ChestGold_00.png using Guid(d9c66f7849c970e4c8d3447141d6d291) Importer(815301076,1909f56bfc062723c751e8b465ee728b)  -> (artifact id: 'a159f18d09cc1b9e86fc92e486577fb9') in 0.013931 seconds 
========================================================================
Received Import Request.
  Time since last request: 0.000036 seconds.
  path: Assets/effects/2D Pixel Item Pack/Heavy Outline/S_ItemHeavyOutline_CoinRed_00.png
  artifactKey: Guid(436d8a990a1a0ad4fa3e3239c39a361f) Importer(815301076,1909f56bfc062723c751e8b465ee728b)
Start importing Assets/effects/2D Pixel Item Pack/Heavy Outline/S_ItemHeavyOutline_CoinRed_00.png using Guid(436d8a990a1a0ad4fa3e3239c39a361f) Importer(815301076,1909f56bfc062723c751e8b465ee728b)  -> (artifact id: '55de8e7a2eecb22a27ea56dbfdaa22e5') in 0.013420 seconds 
========================================================================
Received Import Request.
  Time since last request: 15.458887 seconds.
  path: Assets/effects/2D Pixel Item Pack/Light Outline/S_ItemLightOutline_BarrelGold_00.png
  artifactKey: Guid(fdbe411b4ec35f147900865c997a312d) Importer(815301076,1909f56bfc062723c751e8b465ee728b)
Start importing Assets/effects/2D Pixel Item Pack/Light Outline/S_ItemLightOutline_BarrelGold_00.png using Guid(fdbe411b4ec35f147900865c997a312d) Importer(815301076,1909f56bfc062723c751e8b465ee728b)  -> (artifact id: '8771b74610d9d9bbcab8ae0c90ba2add') in 0.021439 seconds 
========================================================================
Received Import Request.
  Time since last request: 0.000023 seconds.
  path: Assets/effects/2D Pixel Item Pack/Light Outline/S_ItemLightOutline_JarGold_00.png
  artifactKey: Guid(8f1eb9295cb78b44bbdfbfcc04681612) Importer(815301076,1909f56bfc062723c751e8b465ee728b)
Start importing Assets/effects/2D Pixel Item Pack/Light Outline/S_ItemLightOutline_JarGold_00.png using Guid(8f1eb9295cb78b44bbdfbfcc04681612) Importer(815301076,1909f56bfc062723c751e8b465ee728b)  -> (artifact id: '20a88ebf216ff18afe620b712f7c8cb3') in 0.017675 seconds 
========================================================================
Received Import Request.
  Time since last request: 0.000023 seconds.
  path: Assets/effects/2D Pixel Item Pack/Light Outline/S_ItemLightOutline_CoinRed_00.png
  artifactKey: Guid(4ca860b8f3d16674984a376c1401a32c) Importer(815301076,1909f56bfc062723c751e8b465ee728b)
Start importing Assets/effects/2D Pixel Item Pack/Light Outline/S_ItemLightOutline_CoinRed_00.png using Guid(4ca860b8f3d16674984a376c1401a32c) Importer(815301076,1909f56bfc062723c751e8b465ee728b)  -> (artifact id: '75ad2a4f570bc30f2f02c55881ee140a') in 0.024009 seconds 
========================================================================
Received Import Request.
  Time since last request: 0.000026 seconds.
  path: Assets/effects/2D Pixel Item Pack/Light Outline/S_ItemLightOutline_CoinGreen_00.png
  artifactKey: Guid(63780fa5784475a43b87ec533ef032ea) Importer(815301076,1909f56bfc062723c751e8b465ee728b)
Start importing Assets/effects/2D Pixel Item Pack/Light Outline/S_ItemLightOutline_CoinGreen_00.png using Guid(63780fa5784475a43b87ec533ef032ea) Importer(815301076,1909f56bfc062723c751e8b465ee728b)  -> (artifact id: 'ff40e9a978e75ff56e0ecc4886fe2f6a') in 0.020038 seconds 
========================================================================
Received Import Request.
  Time since last request: 0.000039 seconds.
  path: Assets/effects/2D Pixel Item Pack/Light Outline/S_ItemLightOutline_ChestGreen_00.png
  artifactKey: Guid(ab41f89bf5328bf4ebe8ed404f1542a9) Importer(815301076,1909f56bfc062723c751e8b465ee728b)
Start importing Assets/effects/2D Pixel Item Pack/Light Outline/S_ItemLightOutline_ChestGreen_00.png using Guid(ab41f89bf5328bf4ebe8ed404f1542a9) Importer(815301076,1909f56bfc062723c751e8b465ee728b)  -> (artifact id: '05944dadc370435dcef403c93e3e9e02') in 0.017098 seconds 
========================================================================
Received Import Request.
  Time since last request: 0.000045 seconds.
  path: Assets/effects/2D Pixel Item Pack/Light Outline/S_ItemLightOutline_PotionGreen_01.png
  artifactKey: Guid(f041a6e4a68d2ac43a7f7b81cbc324a0) Importer(815301076,1909f56bfc062723c751e8b465ee728b)
Start importing Assets/effects/2D Pixel Item Pack/Light Outline/S_ItemLightOutline_PotionGreen_01.png using Guid(f041a6e4a68d2ac43a7f7b81cbc324a0) Importer(815301076,1909f56bfc062723c751e8b465ee728b)  -> (artifact id: 'af827c654c5166f383d14717ae0ddddf') in 0.022869 seconds 
========================================================================
Received Import Request.
  Time since last request: 0.000036 seconds.
  path: Assets/effects/2D Pixel Item Pack/Light Outline/S_ItemLightOutline_HeartGold_00.png
  artifactKey: Guid(e54c6acda6f477d4e98b6e6068d68226) Importer(815301076,1909f56bfc062723c751e8b465ee728b)
Start importing Assets/effects/2D Pixel Item Pack/Light Outline/S_ItemLightOutline_HeartGold_00.png using Guid(e54c6acda6f477d4e98b6e6068d68226) Importer(815301076,1909f56bfc062723c751e8b465ee728b)  -> (artifact id: '587e4a243d425673f7bb13a79766b0ff') in 0.017336 seconds 
========================================================================
Received Import Request.
  Time since last request: 0.000029 seconds.
  path: Assets/effects/2D Pixel Item Pack/Light Outline/S_ItemLightOutline_PotionGold_01.png
  artifactKey: Guid(b59a71db9878ce648a8338095027dce2) Importer(815301076,1909f56bfc062723c751e8b465ee728b)
Start importing Assets/effects/2D Pixel Item Pack/Light Outline/S_ItemLightOutline_PotionGold_01.png using Guid(b59a71db9878ce648a8338095027dce2) Importer(815301076,1909f56bfc062723c751e8b465ee728b)  -> (artifact id: '90501b6441cd4f5e039cbed07088c31c') in 0.018026 seconds 
========================================================================
Received Import Request.
  Time since last request: 0.000050 seconds.
  path: Assets/effects/2D Pixel Item Pack/Light Outline/S_ItemLightOutline_CoinPurple_00.png
  artifactKey: Guid(06121c73941905f4c96a07e46ccef8bc) Importer(815301076,1909f56bfc062723c751e8b465ee728b)
Start importing Assets/effects/2D Pixel Item Pack/Light Outline/S_ItemLightOutline_CoinPurple_00.png using Guid(06121c73941905f4c96a07e46ccef8bc) Importer(815301076,1909f56bfc062723c751e8b465ee728b)  -> (artifact id: '15da9cad42aada718ccdf9e8d8bfee2e') in 0.023111 seconds 
========================================================================
Received Import Request.
  Time since last request: 0.000029 seconds.
  path: Assets/effects/2D Pixel Item Pack/Light Outline/S_ItemLightOutline_JarGreen_00.png
  artifactKey: Guid(a1fbccd8f2527154da31359cf7bf87be) Importer(815301076,1909f56bfc062723c751e8b465ee728b)
Start importing Assets/effects/2D Pixel Item Pack/Light Outline/S_ItemLightOutline_JarGreen_00.png using Guid(a1fbccd8f2527154da31359cf7bf87be) Importer(815301076,1909f56bfc062723c751e8b465ee728b)  -> (artifact id: '3e568ecd1af9f7d569e55e7858a4fe0b') in 0.019100 seconds 
========================================================================
Received Import Request.
  Time since last request: 0.000028 seconds.
  path: Assets/effects/2D Pixel Item Pack/Light Outline/S_ItemLightOutline_ChestRed_00.png
  artifactKey: Guid(56b3f530691a5514d97f5761217f4057) Importer(815301076,1909f56bfc062723c751e8b465ee728b)
Start importing Assets/effects/2D Pixel Item Pack/Light Outline/S_ItemLightOutline_ChestRed_00.png using Guid(56b3f530691a5514d97f5761217f4057) Importer(815301076,1909f56bfc062723c751e8b465ee728b)  -> (artifact id: '703a33ac28d6df4742dbca766cdb4e67') in 0.013798 seconds 
========================================================================
Received Import Request.
  Time since last request: 24.473857 seconds.
  path: Assets/effects/2D Pixel Item Pack/No Outline/S_ItemNoOutline_BarrelGold_00.png
  artifactKey: Guid(98e36223d41719f4886df57f3836bed9) Importer(815301076,1909f56bfc062723c751e8b465ee728b)
Start importing Assets/effects/2D Pixel Item Pack/No Outline/S_ItemNoOutline_BarrelGold_00.png using Guid(98e36223d41719f4886df57f3836bed9) Importer(815301076,1909f56bfc062723c751e8b465ee728b)  -> (artifact id: '1a06700a70ce85ea4a77e9e6a8708519') in 0.019215 seconds 
========================================================================
Received Import Request.
  Time since last request: 0.000024 seconds.
  path: Assets/effects/2D Pixel Item Pack/No Outline/S_ItemNoOutline_JarBlue_00.png
  artifactKey: Guid(4b8126ee70cabeb4b941822d4b03a950) Importer(815301076,1909f56bfc062723c751e8b465ee728b)
Start importing Assets/effects/2D Pixel Item Pack/No Outline/S_ItemNoOutline_JarBlue_00.png using Guid(4b8126ee70cabeb4b941822d4b03a950) Importer(815301076,1909f56bfc062723c751e8b465ee728b)  -> (artifact id: '3e6d4bc9e508deeeebeaa4c64aeaa23f') in 0.016051 seconds 
========================================================================
Received Import Request.
  Time since last request: 0.000029 seconds.
  path: Assets/effects/2D Pixel Item Pack/No Outline/S_ItemNoOutline_JarRed_00.png
  artifactKey: Guid(413ae5c9fe6b4c445bfc77e851512311) Importer(815301076,1909f56bfc062723c751e8b465ee728b)
Start importing Assets/effects/2D Pixel Item Pack/No Outline/S_ItemNoOutline_JarRed_00.png using Guid(413ae5c9fe6b4c445bfc77e851512311) Importer(815301076,1909f56bfc062723c751e8b465ee728b)  -> (artifact id: '0ce1fa16b4893388952b4427134b1ea8') in 0.015497 seconds 
========================================================================
Received Import Request.
  Time since last request: 0.000032 seconds.
  path: Assets/effects/2D Pixel Item Pack/No Outline/S_ItemNoOutline_PotionGold_01.png
  artifactKey: Guid(d025807e31d980c4db269d7f9f094bce) Importer(815301076,1909f56bfc062723c751e8b465ee728b)
Start importing Assets/effects/2D Pixel Item Pack/No Outline/S_ItemNoOutline_PotionGold_01.png using Guid(d025807e31d980c4db269d7f9f094bce) Importer(815301076,1909f56bfc062723c751e8b465ee728b)  -> (artifact id: '4c025c8c019426a5d860238e3cdc25f2') in 0.022175 seconds 
========================================================================
Received Import Request.
  Time since last request: 0.000045 seconds.
  path: Assets/effects/2D Pixel Item Pack/No Outline/S_ItemNoOutline_ChestPurple_00.png
  artifactKey: Guid(1175232d0440d9f44a4f4908e974b2d5) Importer(815301076,1909f56bfc062723c751e8b465ee728b)
Start importing Assets/effects/2D Pixel Item Pack/No Outline/S_ItemNoOutline_ChestPurple_00.png using Guid(1175232d0440d9f44a4f4908e974b2d5) Importer(815301076,1909f56bfc062723c751e8b465ee728b)  -> (artifact id: '855afc8c2886ceba0b45ebce7d14c262') in 0.024628 seconds 
========================================================================
Received Import Request.
  Time since last request: 0.000032 seconds.
  path: Assets/effects/2D Pixel Item Pack/No Outline/S_ItemNoOutline_JarPurple_00.png
  artifactKey: Guid(705d80d2f8e09c14ba1867fc40ca752b) Importer(815301076,1909f56bfc062723c751e8b465ee728b)
Start importing Assets/effects/2D Pixel Item Pack/No Outline/S_ItemNoOutline_JarPurple_00.png using Guid(705d80d2f8e09c14ba1867fc40ca752b) Importer(815301076,1909f56bfc062723c751e8b465ee728b)  -> (artifact id: 'c323b339bc971b3ac39796858a7ea54f') in 0.015399 seconds 
========================================================================
Received Import Request.
  Time since last request: 0.000056 seconds.
  path: Assets/effects/2D Pixel Item Pack/No Outline/S_ItemNoOutline_PotionPurple_01.png
  artifactKey: Guid(1db171dfa076c734ea11134720a7609d) Importer(815301076,1909f56bfc062723c751e8b465ee728b)
Start importing Assets/effects/2D Pixel Item Pack/No Outline/S_ItemNoOutline_PotionPurple_01.png using Guid(1db171dfa076c734ea11134720a7609d) Importer(815301076,1909f56bfc062723c751e8b465ee728b)  -> (artifact id: 'd8eba630f25882279b161c8a3dca5e13') in 0.021410 seconds 
========================================================================
Received Import Request.
  Time since last request: 0.000039 seconds.
  path: Assets/effects/2D Pixel Item Pack/No Outline/S_ItemNoOutline_PotionGreen_01.png
  artifactKey: Guid(d2ec23b8bd73b0e43a048ed910855eb4) Importer(815301076,1909f56bfc062723c751e8b465ee728b)
Start importing Assets/effects/2D Pixel Item Pack/No Outline/S_ItemNoOutline_PotionGreen_01.png using Guid(d2ec23b8bd73b0e43a048ed910855eb4) Importer(815301076,1909f56bfc062723c751e8b465ee728b)  -> (artifact id: '9976c371823e4c51e0d6a56fa312232a') in 0.017205 seconds 
========================================================================
Received Import Request.
  Time since last request: 0.000031 seconds.
  path: Assets/effects/2D Pixel Item Pack/No Outline/S_ItemNoOutline_ChestBlue_00.png
  artifactKey: Guid(8c834f188ef92ce438b51292419b06e9) Importer(815301076,1909f56bfc062723c751e8b465ee728b)
Start importing Assets/effects/2D Pixel Item Pack/No Outline/S_ItemNoOutline_ChestBlue_00.png using Guid(8c834f188ef92ce438b51292419b06e9) Importer(815301076,1909f56bfc062723c751e8b465ee728b)  -> (artifact id: '4a0ed5fba4dbecf7b7d40e1c542f174d') in 0.015162 seconds 
========================================================================
Received Import Request.
  Time since last request: 0.000038 seconds.
  path: Assets/effects/2D Pixel Item Pack/No Outline/S_ItemNoOutline_JarGold_00.png
  artifactKey: Guid(6ac74b0e3aa9f0e4693ac30504573201) Importer(815301076,1909f56bfc062723c751e8b465ee728b)
Start importing Assets/effects/2D Pixel Item Pack/No Outline/S_ItemNoOutline_JarGold_00.png using Guid(6ac74b0e3aa9f0e4693ac30504573201) Importer(815301076,1909f56bfc062723c751e8b465ee728b)  -> (artifact id: '66334f0a0fcebb968df68cde755b7fc6') in 0.019477 seconds 
========================================================================
Received Import Request.
  Time since last request: 0.000031 seconds.
  path: Assets/effects/2D Pixel Item Pack/No Outline/S_ItemNoOutline_PotionPurple_02.png
  artifactKey: Guid(3dfa7f6656ff88646a1ee3ff95805426) Importer(815301076,1909f56bfc062723c751e8b465ee728b)
Start importing Assets/effects/2D Pixel Item Pack/No Outline/S_ItemNoOutline_PotionPurple_02.png using Guid(3dfa7f6656ff88646a1ee3ff95805426) Importer(815301076,1909f56bfc062723c751e8b465ee728b)  -> (artifact id: '8c498529065ccda332499b13bfe4560a') in 0.021817 seconds 
Editor requested this worker to shutdown with reason: Scaling down because of idle timeout
AssetImportWorker is now disconnected from the server
Process exiting
Exiting without the bug reporter. Application will terminate with return code 0